Drill report for C:\Users\unkno\Documents\GitHub\cici\cici.kicad_pcb
Created on 16/04/2022 10:18:02

Copper Layer Stackup:
    =============================================================
    L1 :  F.Cu                      front
    L2 :  B.Cu                      back


Drill file 'cici-PTH.drl' contains
    plated through holes:
    =============================================================
    T1  0.40mm  0.016"  (28 holes)
    T2  0.80mm  0.031"  (36 holes)  (with 36 slots)
    T3  0.81mm  0.032"  (64 holes)
    T4  1.30mm  0.051"  (2 holes)
    T5  2.20mm  0.087"  (8 holes)

    Total plated holes count 138


Drill file 'cici-NPTH.drl' contains
    unplated through holes:
    =============================================================
    T1  1.90mm  0.075"  (36 holes)
    T2  4.00mm  0.157"  (18 holes)

    Total unplated holes count 54
